perltidy version 20090616 log file on a linux system, OLD_PERL_VERSION=5.010000
Found Configuration File >>> /home/harleypig/.perltidyrc 
Configuration and command line parameters for this run:
--opening-brace-always-on-right --indent-columns=2 --quiet --backup-file-extension=tidy --valign --fuzzy-line-length --recombine --format=tidy --short-concatenation-item-length=8 --show-options --warning-output --logfile
Final parameter set for this run
------------------------------------
# Final parameter set for this run.
# See utility 'perltidyrc_dump.pl' for nicer formatting.
--add-newlines
--add-semicolons
--add-whitespace
--backup-file-extension="tidy"
--blanks-before-blocks
--blanks-before-comments
--blanks-before-subs
--block-brace-tightness=0
--block-brace-vertical-tightness=0
--nobrace-left-and-indent
--brace-tightness=1
--brace-vertical-tightness=0
--brace-vertical-tightness-closing=0
--break-at-old-keyword-breakpoints
--break-at-old-logical-breakpoints
--break-at-old-ternary-breakpoints
--nocheck-syntax
--closing-brace-indentation=0
--closing-paren-indentation=0
--closing-side-comment-else-flag=0
--closing-side-comment-interval=6
--closing-side-comment-maximum-text=20
--closing-side-comments-balanced
--closing-square-bracket-indentation=0
--comma-arrow-breakpoints=1
--continuation-indentation=2
--nocuddled-else
--delete-old-newlines
--nodelete-old-whitespace
--delete-semicolons
--format="tidy"
--format-skipping
--fuzzy-line-length
--hanging-side-comments
--nohtml
--html-entities
--html-table-of-contents
--indent-block-comments
--indent-columns=2
--keep-old-blank-lines=1
--logfile
--long-block-line-count=8
--look-for-autoloader
--look-for-selfloader
--maximum-consecutive-blank-lines=1
--maximum-fields-per-table=0
--maximum-line-length=80
--minimum-space-to-comment=4
--opening-brace-always-on-right
--outdent-labels
--outdent-long-comments
--outdent-long-quotes
--paren-tightness=1
--paren-vertical-tightness=0
--paren-vertical-tightness-closing=0
--pass-version-line
--perl-syntax-check-flags="-c -T"
--pod2html
--quiet
--recombine
--short-concatenation-item-length=8
--show-options
--space-for-semicolon
--square-bracket-tightness=1
--square-bracket-vertical-tightness=0
--square-bracket-vertical-tightness-closing=0
--static-block-comments
--nostatic-side-comments
--notabs
--trim-qw
--valign
--warning-output
------------------------------------
To find error messages search for 'WARNING' with your editor
Indentation will be with 2 spaces
Line 1 implies starting-indentation-level = 1
by guessing input tabbing uses 2 blanks per level
Guessing old indentation was 2  spaces
The nesting depths in the table below are at the start of the lines.
The indicated output line numbers are not always exact.
ci = levels of continuation indentation; bk = 1 if in BLOCK, 0 if not.

in:out indent c b  nesting   code + messages; (messages begin with >>>)
lines  levels i k            (code begins with one '.' per indent level)
------  ----- - - --------   -------------------------------------------
L1:1     i1:1 0 1            >>>Last line

No indentation disagreement seen

No lines exceeded 80 characters
  Maximum output line length was 80 at line 1
Suggest including 'use warnings;'
Suggest including 'use strict;'
